The system is: Darwin - 11.4.2 - i386
Compiling the CXX compiler identification source file "CMakeCXXCompilerId.cpp" succeeded.
Compiler: /usr/bin/c++ 
Build flags: 
Id flags: 

The output was:
0


Compilation of the CXX compiler identification source "CMakeCXXCompilerId.cpp" produced "a.out"

The CXX compiler identification is Clang, found in "/Users/jaspershemilt/Developer/openCV_Dev/opencv/build/CMakeFiles/CompilerIdCXX/a.out"

Compiling the C compiler identification source file "CMakeCCompilerId.c" succeeded.
Compiler: /usr/bin/gcc 
Build flags: 
Id flags: 

The output was:
0


Compilation of the C compiler identification source "CMakeCCompilerId.c" produced "a.out"

The C compiler identification is GNU, found in "/Users/jaspershemilt/Developer/openCV_Dev/opencv/build/CMakeFiles/CompilerIdC/a.out"

Determining if the CXX compiler works passed with the following output:
Change Dir: /Users/jaspershemilt/Developer/openCV_Dev/opencv/build/CMakeFiles/CMakeTmp

Run Build Command:/opt/local/bin/gmake "cmTryCompileExec4140078281/fast"
/opt/local/bin/gmake -f CMakeFiles/cmTryCompileExec4140078281.dir/build.make CMakeFiles/cmTryCompileExec4140078281.dir/build
gmake[1]: Entering directory `/Users/jaspershemilt/Developer/openCV_Dev/opencv/build/CMakeFiles/CMakeTmp'
/opt/local/bin/cmake -E cmake_progress_report /Users/jaspershemilt/Developer/openCV_Dev/opencv/build/CMakeFiles/CMakeTmp/CMakeFiles 1
Building CXX object CMakeFiles/cmTryCompileExec4140078281.dir/testCXXCompiler.cxx.o
/usr/bin/c++     -o CMakeFiles/cmTryCompileExec4140078281.dir/testCXXCompiler.cxx.o -c /Users/jaspershemilt/Developer/openCV_Dev/opencv/build/CMakeFiles/CMakeTmp/testCXXCompiler.cxx
Linking CXX executable cmTryCompileExec4140078281
/opt/local/bin/cmake -E cmake_link_script CMakeFiles/cmTryCompileExec4140078281.dir/link.txt --verbose=1
/usr/bin/c++       -Wl,-search_paths_first -Wl,-headerpad_max_install_names   CMakeFiles/cmTryCompileExec4140078281.dir/testCXXCompiler.cxx.o  -o cmTryCompileExec4140078281  
gmake[1]: Leaving directory `/Users/jaspershemilt/Developer/openCV_Dev/opencv/build/CMakeFiles/CMakeTmp'


Detecting CXX compiler ABI info compiled with the following output:
Change Dir: /Users/jaspershemilt/Developer/openCV_Dev/opencv/build/CMakeFiles/CMakeTmp

Run Build Command:/opt/local/bin/gmake "cmTryCompileExec2178381672/fast"
/opt/local/bin/gmake -f CMakeFiles/cmTryCompileExec2178381672.dir/build.make CMakeFiles/cmTryCompileExec2178381672.dir/build
gmake[1]: Entering directory `/Users/jaspershemilt/Developer/openCV_Dev/opencv/build/CMakeFiles/CMakeTmp'
/opt/local/bin/cmake -E cmake_progress_report /Users/jaspershemilt/Developer/openCV_Dev/opencv/build/CMakeFiles/CMakeTmp/CMakeFiles 1
Building CXX object CMakeFiles/cmTryCompileExec2178381672.dir/CMakeCXXCompilerABI.cpp.o
/usr/bin/c++     -o CMakeFiles/cmTryCompileExec2178381672.dir/CMakeCXXCompilerABI.cpp.o -c /opt/local/share/cmake-2.8/Modules/CMakeCXXCompilerABI.cpp
Linking CXX executable cmTryCompileExec2178381672
/opt/local/bin/cmake -E cmake_link_script CMakeFiles/cmTryCompileExec2178381672.dir/link.txt --verbose=1
/usr/bin/c++       -Wl,-search_paths_first -Wl,-headerpad_max_install_names -v CMakeFiles/cmTryCompileExec2178381672.dir/CMakeCXXCompilerABI.cpp.o  -o cmTryCompileExec2178381672   
Apple clang version 4.1 (tags/Apple/clang-421.11.66) (based on LLVM 3.1svn)
Target: x86_64-apple-darwin11.4.2
Thread model: posix
 "/usr/bin/ld" -demangle -dynamic -arch x86_64 -macosx_version_min 10.7.0 -o cmTryCompileExec2178381672 -lcrt1.10.6.o -search_paths_first -headerpad_max_install_names CMakeFiles/cmTryCompileExec2178381672.dir/CMakeCXXCompilerABI.cpp.o -lstdc++ -lSystem /usr/bin/../lib/clang/4.1/lib/darwin/libclang_rt.osx.a
gmake[1]: Leaving directory `/Users/jaspershemilt/Developer/openCV_Dev/opencv/build/CMakeFiles/CMakeTmp'


Parsed CXX implicit link information from above output:
  link line regex: [^( *|.*[/\])(ld|ld|collect2)[^/\]*( |$)]
  ignore line: [Change Dir: /Users/jaspershemilt/Developer/openCV_Dev/opencv/build/CMakeFiles/CMakeTmp]
  ignore line: []
  ignore line: [Run Build Command:/opt/local/bin/gmake "cmTryCompileExec2178381672/fast"]
  ignore line: [/opt/local/bin/gmake -f CMakeFiles/cmTryCompileExec2178381672.dir/build.make CMakeFiles/cmTryCompileExec2178381672.dir/build]
  ignore line: [gmake[1]: Entering directory `/Users/jaspershemilt/Developer/openCV_Dev/opencv/build/CMakeFiles/CMakeTmp']
  ignore line: [/opt/local/bin/cmake -E cmake_progress_report /Users/jaspershemilt/Developer/openCV_Dev/opencv/build/CMakeFiles/CMakeTmp/CMakeFiles 1]
  ignore line: [Building CXX object CMakeFiles/cmTryCompileExec2178381672.dir/CMakeCXXCompilerABI.cpp.o]
  ignore line: [/usr/bin/c++     -o CMakeFiles/cmTryCompileExec2178381672.dir/CMakeCXXCompilerABI.cpp.o -c /opt/local/share/cmake-2.8/Modules/CMakeCXXCompilerABI.cpp]
  ignore line: [Linking CXX executable cmTryCompileExec2178381672]
  ignore line: [/opt/local/bin/cmake -E cmake_link_script CMakeFiles/cmTryCompileExec2178381672.dir/link.txt --verbose=1]
  ignore line: [/usr/bin/c++       -Wl,-search_paths_first -Wl,-headerpad_max_install_names -v CMakeFiles/cmTryCompileExec2178381672.dir/CMakeCXXCompilerABI.cpp.o  -o cmTryCompileExec2178381672   ]
  ignore line: [Apple clang version 4.1 (tags/Apple/clang-421.11.66) (based on LLVM 3.1svn)]
  ignore line: [Target: x86_64-apple-darwin11.4.2]
  ignore line: [Thread model: posix]
  link line: [ "/usr/bin/ld" -demangle -dynamic -arch x86_64 -macosx_version_min 10.7.0 -o cmTryCompileExec2178381672 -lcrt1.10.6.o -search_paths_first -headerpad_max_install_names CMakeFiles/cmTryCompileExec2178381672.dir/CMakeCXXCompilerABI.cpp.o -lstdc++ -lSystem /usr/bin/../lib/clang/4.1/lib/darwin/libclang_rt.osx.a]
    arg [/usr/bin/ld] ==> ignore
    arg [-demangle] ==> ignore
    arg [-dynamic] ==> ignore
    arg [-arch] ==> ignore
    arg [x86_64] ==> ignore
    arg [-macosx_version_min] ==> ignore
    arg [10.7.0] ==> ignore
    arg [-o] ==> ignore
    arg [cmTryCompileExec2178381672] ==> ignore
    arg [-lcrt1.10.6.o] ==> lib [crt1.10.6.o]
    arg [-search_paths_first] ==> ignore
    arg [-headerpad_max_install_names] ==> ignore
    arg [CMakeFiles/cmTryCompileExec2178381672.dir/CMakeCXXCompilerABI.cpp.o] ==> ignore
    arg [-lstdc++] ==> lib [stdc++]
    arg [-lSystem] ==> lib [System]
    arg [/usr/bin/../lib/clang/4.1/lib/darwin/libclang_rt.osx.a] ==> lib [/usr/bin/../lib/clang/4.1/lib/darwin/libclang_rt.osx.a]
  remove lib [crt1.10.6.o]
  remove lib [System]
  implicit libs: [stdc++;/usr/bin/../lib/clang/4.1/lib/darwin/libclang_rt.osx.a]
  implicit dirs: []


Determining if the C compiler works passed with the following output:
Change Dir: /Users/jaspershemilt/Developer/openCV_Dev/opencv/build/CMakeFiles/CMakeTmp

Run Build Command:/opt/local/bin/gmake "cmTryCompileExec2680805801/fast"
/opt/local/bin/gmake -f CMakeFiles/cmTryCompileExec2680805801.dir/build.make CMakeFiles/cmTryCompileExec2680805801.dir/build
gmake[1]: Entering directory `/Users/jaspershemilt/Developer/openCV_Dev/opencv/build/CMakeFiles/CMakeTmp'
/opt/local/bin/cmake -E cmake_progress_report /Users/jaspershemilt/Developer/openCV_Dev/opencv/build/CMakeFiles/CMakeTmp/CMakeFiles 1
Building C object CMakeFiles/cmTryCompileExec2680805801.dir/testCCompiler.c.o
/usr/bin/gcc    -o CMakeFiles/cmTryCompileExec2680805801.dir/testCCompiler.c.o   -c /Users/jaspershemilt/Developer/openCV_Dev/opencv/build/CMakeFiles/CMakeTmp/testCCompiler.c
Linking C executable cmTryCompileExec2680805801
/opt/local/bin/cmake -E cmake_link_script CMakeFiles/cmTryCompileExec2680805801.dir/link.txt --verbose=1
/usr/bin/gcc      -Wl,-search_paths_first -Wl,-headerpad_max_install_names   CMakeFiles/cmTryCompileExec2680805801.dir/testCCompiler.c.o  -o cmTryCompileExec2680805801  
gmake[1]: Leaving directory `/Users/jaspershemilt/Developer/openCV_Dev/opencv/build/CMakeFiles/CMakeTmp'


Detecting C compiler ABI info compiled with the following output:
Change Dir: /Users/jaspershemilt/Developer/openCV_Dev/opencv/build/CMakeFiles/CMakeTmp

Run Build Command:/opt/local/bin/gmake "cmTryCompileExec1858554802/fast"
/opt/local/bin/gmake -f CMakeFiles/cmTryCompileExec1858554802.dir/build.make CMakeFiles/cmTryCompileExec1858554802.dir/build
gmake[1]: Entering directory `/Users/jaspershemilt/Developer/openCV_Dev/opencv/build/CMakeFiles/CMakeTmp'
/opt/local/bin/cmake -E cmake_progress_report /Users/jaspershemilt/Developer/openCV_Dev/opencv/build/CMakeFiles/CMakeTmp/CMakeFiles 1
Building C object CMakeFiles/cmTryCompileExec1858554802.dir/CMakeCCompilerABI.c.o
/usr/bin/gcc    -o CMakeFiles/cmTryCompileExec1858554802.dir/CMakeCCompilerABI.c.o   -c /opt/local/share/cmake-2.8/Modules/CMakeCCompilerABI.c
Linking C executable cmTryCompileExec1858554802
/opt/local/bin/cmake -E cmake_link_script CMakeFiles/cmTryCompileExec1858554802.dir/link.txt --verbose=1
/usr/bin/gcc      -Wl,-search_paths_first -Wl,-headerpad_max_install_names -v CMakeFiles/cmTryCompileExec1858554802.dir/CMakeCCompilerABI.c.o  -o cmTryCompileExec1858554802   
Using built-in specs.
Target: i686-apple-darwin11
Configured with: /private/var/tmp/llvmgcc42/llvmgcc42-2336.11~67/src/configure --disable-checking --enable-werror --prefix=/Applications/Xcode.app/Contents/Developer/usr/llvm-gcc-4.2 --mandir=/share/man --enable-languages=c,objc,c++,obj-c++ --program-prefix=llvm- --program-transform-name=/^[cg][^.-]*$/s/$/-4.2/ --with-slibdir=/usr/lib --build=i686-apple-darwin11 --enable-llvm=/private/var/tmp/llvmgcc42/llvmgcc42-2336.11~67/dst-llvmCore/Developer/usr/local --program-prefix=i686-apple-darwin11- --host=x86_64-apple-darwin11 --target=i686-apple-darwin11 --with-gxx-include-dir=/usr/include/c++/4.2.1
Thread model: posix
gcc version 4.2.1 (Based on Apple Inc. build 5658) (LLVM build 2336.11.00)
 /usr/llvm-gcc-4.2/bin/../libexec/gcc/i686-apple-darwin11/4.2.1/collect2 -dynamic -arch x86_64 -macosx_version_min 10.7.4 -weak_reference_mismatches non-weak -o cmTryCompileExec1858554802 -lcrt1.10.6.o -L/usr/llvm-gcc-4.2/bin/../lib/gcc/i686-apple-darwin11/4.2.1/x86_64 -L/Applications/Xcode.app/Contents/Developer/usr/llvm-gcc-4.2/lib/gcc/i686-apple-darwin11/4.2.1/x86_64 -L/usr/llvm-gcc-4.2/bin/../lib/gcc/i686-apple-darwin11/4.2.1 -L/usr/llvm-gcc-4.2/bin/../lib/gcc -L/Applications/Xcode.app/Contents/Developer/usr/llvm-gcc-4.2/lib/gcc/i686-apple-darwin11/4.2.1 -L/usr/llvm-gcc-4.2/bin/../lib/gcc/i686-apple-darwin11/4.2.1/../../.. -L/Applications/Xcode.app/Contents/Developer/usr/llvm-gcc-4.2/lib/gcc/i686-apple-darwin11/4.2.1/../../.. -search_paths_first -headerpad_max_install_names CMakeFiles/cmTryCompileExec1858554802.dir/CMakeCCompilerABI.c.o -lSystem -lgcc -lSystem
gmake[1]: Leaving directory `/Users/jaspershemilt/Developer/openCV_Dev/opencv/build/CMakeFiles/CMakeTmp'


Parsed C implicit link information from above output:
  link line regex: [^( *|.*[/\])(ld|ld|collect2)[^/\]*( |$)]
  ignore line: [Change Dir: /Users/jaspershemilt/Developer/openCV_Dev/opencv/build/CMakeFiles/CMakeTmp]
  ignore line: []
  ignore line: [Run Build Command:/opt/local/bin/gmake "cmTryCompileExec1858554802/fast"]
  ignore line: [/opt/local/bin/gmake -f CMakeFiles/cmTryCompileExec1858554802.dir/build.make CMakeFiles/cmTryCompileExec1858554802.dir/build]
  ignore line: [gmake[1]: Entering directory `/Users/jaspershemilt/Developer/openCV_Dev/opencv/build/CMakeFiles/CMakeTmp']
  ignore line: [/opt/local/bin/cmake -E cmake_progress_report /Users/jaspershemilt/Developer/openCV_Dev/opencv/build/CMakeFiles/CMakeTmp/CMakeFiles 1]
  ignore line: [Building C object CMakeFiles/cmTryCompileExec1858554802.dir/CMakeCCompilerABI.c.o]
  ignore line: [/usr/bin/gcc    -o CMakeFiles/cmTryCompileExec1858554802.dir/CMakeCCompilerABI.c.o   -c /opt/local/share/cmake-2.8/Modules/CMakeCCompilerABI.c]
  ignore line: [Linking C executable cmTryCompileExec1858554802]
  ignore line: [/opt/local/bin/cmake -E cmake_link_script CMakeFiles/cmTryCompileExec1858554802.dir/link.txt --verbose=1]
  ignore line: [/usr/bin/gcc      -Wl,-search_paths_first -Wl,-headerpad_max_install_names -v CMakeFiles/cmTryCompileExec1858554802.dir/CMakeCCompilerABI.c.o  -o cmTryCompileExec1858554802   ]
  ignore line: [Using built-in specs.]
  ignore line: [Target: i686-apple-darwin11]
  ignore line: [Configured with: /private/var/tmp/llvmgcc42/llvmgcc42-2336.11~67/src/configure --disable-checking --enable-werror --prefix=/Applications/Xcode.app/Contents/Developer/usr/llvm-gcc-4.2 --mandir=/share/man --enable-languages=c,objc,c++,obj-c++ --program-prefix=llvm- --program-transform-name=/^[cg][^.-]*$/s/$/-4.2/ --with-slibdir=/usr/lib --build=i686-apple-darwin11 --enable-llvm=/private/var/tmp/llvmgcc42/llvmgcc42-2336.11~67/dst-llvmCore/Developer/usr/local --program-prefix=i686-apple-darwin11- --host=x86_64-apple-darwin11 --target=i686-apple-darwin11 --with-gxx-include-dir=/usr/include/c++/4.2.1]
  ignore line: [Thread model: posix]
  ignore line: [gcc version 4.2.1 (Based on Apple Inc. build 5658) (LLVM build 2336.11.00)]
  link line: [ /usr/llvm-gcc-4.2/bin/../libexec/gcc/i686-apple-darwin11/4.2.1/collect2 -dynamic -arch x86_64 -macosx_version_min 10.7.4 -weak_reference_mismatches non-weak -o cmTryCompileExec1858554802 -lcrt1.10.6.o -L/usr/llvm-gcc-4.2/bin/../lib/gcc/i686-apple-darwin11/4.2.1/x86_64 -L/Applications/Xcode.app/Contents/Developer/usr/llvm-gcc-4.2/lib/gcc/i686-apple-darwin11/4.2.1/x86_64 -L/usr/llvm-gcc-4.2/bin/../lib/gcc/i686-apple-darwin11/4.2.1 -L/usr/llvm-gcc-4.2/bin/../lib/gcc -L/Applications/Xcode.app/Contents/Developer/usr/llvm-gcc-4.2/lib/gcc/i686-apple-darwin11/4.2.1 -L/usr/llvm-gcc-4.2/bin/../lib/gcc/i686-apple-darwin11/4.2.1/../../.. -L/Applications/Xcode.app/Contents/Developer/usr/llvm-gcc-4.2/lib/gcc/i686-apple-darwin11/4.2.1/../../.. -search_paths_first -headerpad_max_install_names CMakeFiles/cmTryCompileExec1858554802.dir/CMakeCCompilerABI.c.o -lSystem -lgcc -lSystem]
    arg [/usr/llvm-gcc-4.2/bin/../libexec/gcc/i686-apple-darwin11/4.2.1/collect2] ==> ignore
    arg [-dynamic] ==> ignore
    arg [-arch] ==> ignore
    arg [x86_64] ==> ignore
    arg [-macosx_version_min] ==> ignore
    arg [10.7.4] ==> ignore
    arg [-weak_reference_mismatches] ==> ignore
    arg [non-weak] ==> ignore
    arg [-o] ==> ignore
    arg [cmTryCompileExec1858554802] ==> ignore
    arg [-lcrt1.10.6.o] ==> lib [crt1.10.6.o]
    arg [-L/usr/llvm-gcc-4.2/bin/../lib/gcc/i686-apple-darwin11/4.2.1/x86_64] ==> dir [/usr/llvm-gcc-4.2/bin/../lib/gcc/i686-apple-darwin11/4.2.1/x86_64]
    arg [-L/Applications/Xcode.app/Contents/Developer/usr/llvm-gcc-4.2/lib/gcc/i686-apple-darwin11/4.2.1/x86_64] ==> dir [/Applications/Xcode.app/Contents/Developer/usr/llvm-gcc-4.2/lib/gcc/i686-apple-darwin11/4.2.1/x86_64]
    arg [-L/usr/llvm-gcc-4.2/bin/../lib/gcc/i686-apple-darwin11/4.2.1] ==> dir [/usr/llvm-gcc-4.2/bin/../lib/gcc/i686-apple-darwin11/4.2.1]
    arg [-L/usr/llvm-gcc-4.2/bin/../lib/gcc] ==> dir [/usr/llvm-gcc-4.2/bin/../lib/gcc]
    arg [-L/Applications/Xcode.app/Contents/Developer/usr/llvm-gcc-4.2/lib/gcc/i686-apple-darwin11/4.2.1] ==> dir [/Applications/Xcode.app/Contents/Developer/usr/llvm-gcc-4.2/lib/gcc/i686-apple-darwin11/4.2.1]
    arg [-L/usr/llvm-gcc-4.2/bin/../lib/gcc/i686-apple-darwin11/4.2.1/../../..] ==> dir [/usr/llvm-gcc-4.2/bin/../lib/gcc/i686-apple-darwin11/4.2.1/../../..]
    arg [-L/Applications/Xcode.app/Contents/Developer/usr/llvm-gcc-4.2/lib/gcc/i686-apple-darwin11/4.2.1/../../..] ==> dir [/Applications/Xcode.app/Contents/Developer/usr/llvm-gcc-4.2/lib/gcc/i686-apple-darwin11/4.2.1/../../..]
    arg [-search_paths_first] ==> ignore
    arg [-headerpad_max_install_names] ==> ignore
    arg [CMakeFiles/cmTryCompileExec1858554802.dir/CMakeCCompilerABI.c.o] ==> ignore
    arg [-lSystem] ==> lib [System]
    arg [-lgcc] ==> lib [gcc]
    arg [-lSystem] ==> lib [System]
  remove lib [crt1.10.6.o]
  remove lib [System]
  remove lib [gcc]
  remove lib [System]
  collapse dir [/usr/llvm-gcc-4.2/bin/../lib/gcc/i686-apple-darwin11/4.2.1/x86_64] ==> [/usr/llvm-gcc-4.2/lib/gcc/i686-apple-darwin11/4.2.1/x86_64]
  collapse dir [/Applications/Xcode.app/Contents/Developer/usr/llvm-gcc-4.2/lib/gcc/i686-apple-darwin11/4.2.1/x86_64] ==> [/Applications/Xcode.app/Contents/Developer/usr/llvm-gcc-4.2/lib/gcc/i686-apple-darwin11/4.2.1/x86_64]
  collapse dir [/usr/llvm-gcc-4.2/bin/../lib/gcc/i686-apple-darwin11/4.2.1] ==> [/usr/llvm-gcc-4.2/lib/gcc/i686-apple-darwin11/4.2.1]
  collapse dir [/usr/llvm-gcc-4.2/bin/../lib/gcc] ==> [/usr/llvm-gcc-4.2/lib/gcc]
  collapse dir [/Applications/Xcode.app/Contents/Developer/usr/llvm-gcc-4.2/lib/gcc/i686-apple-darwin11/4.2.1] ==> [/Applications/Xcode.app/Contents/Developer/usr/llvm-gcc-4.2/lib/gcc/i686-apple-darwin11/4.2.1]
  collapse dir [/usr/llvm-gcc-4.2/bin/../lib/gcc/i686-apple-darwin11/4.2.1/../../..] ==> [/usr/llvm-gcc-4.2/lib]
  collapse dir [/Applications/Xcode.app/Contents/Developer/usr/llvm-gcc-4.2/lib/gcc/i686-apple-darwin11/4.2.1/../../..] ==> [/Applications/Xcode.app/Contents/Developer/usr/llvm-gcc-4.2/lib]
  implicit libs: []
  implicit dirs: [/usr/llvm-gcc-4.2/lib/gcc/i686-apple-darwin11/4.2.1/x86_64;/Applications/Xcode.app/Contents/Developer/usr/llvm-gcc-4.2/lib/gcc/i686-apple-darwin11/4.2.1/x86_64;/usr/llvm-gcc-4.2/lib/gcc/i686-apple-darwin11/4.2.1;/usr/llvm-gcc-4.2/lib/gcc;/Applications/Xcode.app/Contents/Developer/usr/llvm-gcc-4.2/lib/gcc/i686-apple-darwin11/4.2.1;/usr/llvm-gcc-4.2/lib;/Applications/Xcode.app/Contents/Developer/usr/llvm-gcc-4.2/lib]


Determining if the function fseeko exists passed with the following output:
Change Dir: /Users/jaspershemilt/Developer/openCV_Dev/opencv/build/CMakeFiles/CMakeTmp

Run Build Command:/opt/local/bin/gmake "cmTryCompileExec312692350/fast"
/opt/local/bin/gmake -f CMakeFiles/cmTryCompileExec312692350.dir/build.make CMakeFiles/cmTryCompileExec312692350.dir/build
gmake[1]: Entering directory `/Users/jaspershemilt/Developer/openCV_Dev/opencv/build/CMakeFiles/CMakeTmp'
/opt/local/bin/cmake -E cmake_progress_report /Users/jaspershemilt/Developer/openCV_Dev/opencv/build/CMakeFiles/CMakeTmp/CMakeFiles 1
Building C object CMakeFiles/cmTryCompileExec312692350.dir/CheckFunctionExists.c.o
/usr/bin/gcc   -DCHECK_FUNCTION_EXISTS=fseeko   -o CMakeFiles/cmTryCompileExec312692350.dir/CheckFunctionExists.c.o   -c /opt/local/share/cmake-2.8/Modules/CheckFunctionExists.c
Linking C executable cmTryCompileExec312692350
/opt/local/bin/cmake -E cmake_link_script CMakeFiles/cmTryCompileExec312692350.dir/link.txt --verbose=1
/usr/bin/gcc       -DCHECK_FUNCTION_EXISTS=fseeko -Wl,-search_paths_first -Wl,-headerpad_max_install_names   CMakeFiles/cmTryCompileExec312692350.dir/CheckFunctionExists.c.o  -o cmTryCompileExec312692350  
gmake[1]: Leaving directory `/Users/jaspershemilt/Developer/openCV_Dev/opencv/build/CMakeFiles/CMakeTmp'


Determining if the include file unistd.h exists passed with the following output:
Change Dir: /Users/jaspershemilt/Developer/openCV_Dev/opencv/build/CMakeFiles/CMakeTmp

Run Build Command:/opt/local/bin/gmake "cmTryCompileExec3256093400/fast"
/opt/local/bin/gmake -f CMakeFiles/cmTryCompileExec3256093400.dir/build.make CMakeFiles/cmTryCompileExec3256093400.dir/build
gmake[1]: Entering directory `/Users/jaspershemilt/Developer/openCV_Dev/opencv/build/CMakeFiles/CMakeTmp'
/opt/local/bin/cmake -E cmake_progress_report /Users/jaspershemilt/Developer/openCV_Dev/opencv/build/CMakeFiles/CMakeTmp/CMakeFiles 1
Building C object CMakeFiles/cmTryCompileExec3256093400.dir/CheckIncludeFile.c.o
/usr/bin/gcc    -o CMakeFiles/cmTryCompileExec3256093400.dir/CheckIncludeFile.c.o   -c /Users/jaspershemilt/Developer/openCV_Dev/opencv/build/CMakeFiles/CMakeTmp/CheckIncludeFile.c
Linking C executable cmTryCompileExec3256093400
/opt/local/bin/cmake -E cmake_link_script CMakeFiles/cmTryCompileExec3256093400.dir/link.txt --verbose=1
/usr/bin/gcc        -Wl,-search_paths_first -Wl,-headerpad_max_install_names   CMakeFiles/cmTryCompileExec3256093400.dir/CheckIncludeFile.c.o  -o cmTryCompileExec3256093400  
gmake[1]: Leaving directory `/Users/jaspershemilt/Developer/openCV_Dev/opencv/build/CMakeFiles/CMakeTmp'


Determining if the include file sys/types.h exists passed with the following output:
Change Dir: /Users/jaspershemilt/Developer/openCV_Dev/opencv/build/CMakeFiles/CMakeTmp

Run Build Command:/opt/local/bin/gmake "cmTryCompileExec1579779021/fast"
/opt/local/bin/gmake -f CMakeFiles/cmTryCompileExec1579779021.dir/build.make CMakeFiles/cmTryCompileExec1579779021.dir/build
gmake[1]: Entering directory `/Users/jaspershemilt/Developer/openCV_Dev/opencv/build/CMakeFiles/CMakeTmp'
/opt/local/bin/cmake -E cmake_progress_report /Users/jaspershemilt/Developer/openCV_Dev/opencv/build/CMakeFiles/CMakeTmp/CMakeFiles 1
Building C object CMakeFiles/cmTryCompileExec1579779021.dir/CheckIncludeFile.c.o
/usr/bin/gcc    -o CMakeFiles/cmTryCompileExec1579779021.dir/CheckIncludeFile.c.o   -c /Users/jaspershemilt/Developer/openCV_Dev/opencv/build/CMakeFiles/CMakeTmp/CheckIncludeFile.c
Linking C executable cmTryCompileExec1579779021
/opt/local/bin/cmake -E cmake_link_script CMakeFiles/cmTryCompileExec1579779021.dir/link.txt --verbose=1
/usr/bin/gcc        -Wl,-search_paths_first -Wl,-headerpad_max_install_names   CMakeFiles/cmTryCompileExec1579779021.dir/CheckIncludeFile.c.o  -o cmTryCompileExec1579779021  
gmake[1]: Leaving directory `/Users/jaspershemilt/Developer/openCV_Dev/opencv/build/CMakeFiles/CMakeTmp'


Determining if the include file stdint.h exists passed with the following output:
Change Dir: /Users/jaspershemilt/Developer/openCV_Dev/opencv/build/CMakeFiles/CMakeTmp

Run Build Command:/opt/local/bin/gmake "cmTryCompileExec3311518303/fast"
/opt/local/bin/gmake -f CMakeFiles/cmTryCompileExec3311518303.dir/build.make CMakeFiles/cmTryCompileExec3311518303.dir/build
gmake[1]: Entering directory `/Users/jaspershemilt/Developer/openCV_Dev/opencv/build/CMakeFiles/CMakeTmp'
/opt/local/bin/cmake -E cmake_progress_report /Users/jaspershemilt/Developer/openCV_Dev/opencv/build/CMakeFiles/CMakeTmp/CMakeFiles 1
Building C object CMakeFiles/cmTryCompileExec3311518303.dir/CheckIncludeFile.c.o
/usr/bin/gcc    -o CMakeFiles/cmTryCompileExec3311518303.dir/CheckIncludeFile.c.o   -c /Users/jaspershemilt/Developer/openCV_Dev/opencv/build/CMakeFiles/CMakeTmp/CheckIncludeFile.c
Linking C executable cmTryCompileExec3311518303
/opt/local/bin/cmake -E cmake_link_script CMakeFiles/cmTryCompileExec3311518303.dir/link.txt --verbose=1
/usr/bin/gcc        -Wl,-search_paths_first -Wl,-headerpad_max_install_names   CMakeFiles/cmTryCompileExec3311518303.dir/CheckIncludeFile.c.o  -o cmTryCompileExec3311518303  
gmake[1]: Leaving directory `/Users/jaspershemilt/Developer/openCV_Dev/opencv/build/CMakeFiles/CMakeTmp'


Determining if the include file stddef.h exists passed with the following output:
Change Dir: /Users/jaspershemilt/Developer/openCV_Dev/opencv/build/CMakeFiles/CMakeTmp

Run Build Command:/opt/local/bin/gmake "cmTryCompileExec3246225046/fast"
/opt/local/bin/gmake -f CMakeFiles/cmTryCompileExec3246225046.dir/build.make CMakeFiles/cmTryCompileExec3246225046.dir/build
gmake[1]: Entering directory `/Users/jaspershemilt/Developer/openCV_Dev/opencv/build/CMakeFiles/CMakeTmp'
/opt/local/bin/cmake -E cmake_progress_report /Users/jaspershemilt/Developer/openCV_Dev/opencv/build/CMakeFiles/CMakeTmp/CMakeFiles 1
Building C object CMakeFiles/cmTryCompileExec3246225046.dir/CheckIncludeFile.c.o
/usr/bin/gcc    -o CMakeFiles/cmTryCompileExec3246225046.dir/CheckIncludeFile.c.o   -c /Users/jaspershemilt/Developer/openCV_Dev/opencv/build/CMakeFiles/CMakeTmp/CheckIncludeFile.c
Linking C executable cmTryCompileExec3246225046
/opt/local/bin/cmake -E cmake_link_script CMakeFiles/cmTryCompileExec3246225046.dir/link.txt --verbose=1
/usr/bin/gcc        -Wl,-search_paths_first -Wl,-headerpad_max_install_names   CMakeFiles/cmTryCompileExec3246225046.dir/CheckIncludeFile.c.o  -o cmTryCompileExec3246225046  
gmake[1]: Leaving directory `/Users/jaspershemilt/Developer/openCV_Dev/opencv/build/CMakeFiles/CMakeTmp'


Determining if the include file assert.h exists passed with the following output:
Change Dir: /Users/jaspershemilt/Developer/openCV_Dev/opencv/build/CMakeFiles/CMakeTmp

Run Build Command:/opt/local/bin/gmake "cmTryCompileExec3308364728/fast"
/opt/local/bin/gmake -f CMakeFiles/cmTryCompileExec3308364728.dir/build.make CMakeFiles/cmTryCompileExec3308364728.dir/build
gmake[1]: Entering directory `/Users/jaspershemilt/Developer/openCV_Dev/opencv/build/CMakeFiles/CMakeTmp'
/opt/local/bin/cmake -E cmake_progress_report /Users/jaspershemilt/Developer/openCV_Dev/opencv/build/CMakeFiles/CMakeTmp/CMakeFiles 1
Building C object CMakeFiles/cmTryCompileExec3308364728.dir/CheckIncludeFile.c.o
/usr/bin/gcc    -o CMakeFiles/cmTryCompileExec3308364728.dir/CheckIncludeFile.c.o   -c /Users/jaspershemilt/Developer/openCV_Dev/opencv/build/CMakeFiles/CMakeTmp/CheckIncludeFile.c
Linking C executable cmTryCompileExec3308364728
/opt/local/bin/cmake -E cmake_link_script CMakeFiles/cmTryCompileExec3308364728.dir/link.txt --verbose=1
/usr/bin/gcc        -Wl,-search_paths_first -Wl,-headerpad_max_install_names   CMakeFiles/cmTryCompileExec3308364728.dir/CheckIncludeFile.c.o  -o cmTryCompileExec3308364728  
gmake[1]: Leaving directory `/Users/jaspershemilt/Developer/openCV_Dev/opencv/build/CMakeFiles/CMakeTmp'


Determining if the include file fcntl.h exists passed with the following output:
Change Dir: /Users/jaspershemilt/Developer/openCV_Dev/opencv/build/CMakeFiles/CMakeTmp

Run Build Command:/opt/local/bin/gmake "cmTryCompileExec3237271989/fast"
/opt/local/bin/gmake -f CMakeFiles/cmTryCompileExec3237271989.dir/build.make CMakeFiles/cmTryCompileExec3237271989.dir/build
gmake[1]: Entering directory `/Users/jaspershemilt/Developer/openCV_Dev/opencv/build/CMakeFiles/CMakeTmp'
/opt/local/bin/cmake -E cmake_progress_report /Users/jaspershemilt/Developer/openCV_Dev/opencv/build/CMakeFiles/CMakeTmp/CMakeFiles 1
Building C object CMakeFiles/cmTryCompileExec3237271989.dir/CheckIncludeFile.c.o
/usr/bin/gcc    -o CMakeFiles/cmTryCompileExec3237271989.dir/CheckIncludeFile.c.o   -c /Users/jaspershemilt/Developer/openCV_Dev/opencv/build/CMakeFiles/CMakeTmp/CheckIncludeFile.c
Linking C executable cmTryCompileExec3237271989
/opt/local/bin/cmake -E cmake_link_script CMakeFiles/cmTryCompileExec3237271989.dir/link.txt --verbose=1
/usr/bin/gcc        -Wl,-search_paths_first -Wl,-headerpad_max_install_names   CMakeFiles/cmTryCompileExec3237271989.dir/CheckIncludeFile.c.o  -o cmTryCompileExec3237271989  
gmake[1]: Leaving directory `/Users/jaspershemilt/Developer/openCV_Dev/opencv/build/CMakeFiles/CMakeTmp'


Determining if the function mmap exists passed with the following output:
Change Dir: /Users/jaspershemilt/Developer/openCV_Dev/opencv/build/CMakeFiles/CMakeTmp

Run Build Command:/opt/local/bin/gmake "cmTryCompileExec966467393/fast"
/opt/local/bin/gmake -f CMakeFiles/cmTryCompileExec966467393.dir/build.make CMakeFiles/cmTryCompileExec966467393.dir/build
gmake[1]: Entering directory `/Users/jaspershemilt/Developer/openCV_Dev/opencv/build/CMakeFiles/CMakeTmp'
/opt/local/bin/cmake -E cmake_progress_report /Users/jaspershemilt/Developer/openCV_Dev/opencv/build/CMakeFiles/CMakeTmp/CMakeFiles 1
Building C object CMakeFiles/cmTryCompileExec966467393.dir/CheckFunctionExists.c.o
/usr/bin/gcc   -DCHECK_FUNCTION_EXISTS=mmap   -o CMakeFiles/cmTryCompileExec966467393.dir/CheckFunctionExists.c.o   -c /opt/local/share/cmake-2.8/Modules/CheckFunctionExists.c
Linking C executable cmTryCompileExec966467393
/opt/local/bin/cmake -E cmake_link_script CMakeFiles/cmTryCompileExec966467393.dir/link.txt --verbose=1
/usr/bin/gcc       -DCHECK_FUNCTION_EXISTS=mmap -Wl,-search_paths_first -Wl,-headerpad_max_install_names   CMakeFiles/cmTryCompileExec966467393.dir/CheckFunctionExists.c.o  -o cmTryCompileExec966467393  
gmake[1]: Leaving directory `/Users/jaspershemilt/Developer/openCV_Dev/opencv/build/CMakeFiles/CMakeTmp'


Determining if the include file search.h exists passed with the following output:
Change Dir: /Users/jaspershemilt/Developer/openCV_Dev/opencv/build/CMakeFiles/CMakeTmp

Run Build Command:/opt/local/bin/gmake "cmTryCompileExec724351053/fast"
/opt/local/bin/gmake -f CMakeFiles/cmTryCompileExec724351053.dir/build.make CMakeFiles/cmTryCompileExec724351053.dir/build
gmake[1]: Entering directory `/Users/jaspershemilt/Developer/openCV_Dev/opencv/build/CMakeFiles/CMakeTmp'
/opt/local/bin/cmake -E cmake_progress_report /Users/jaspershemilt/Developer/openCV_Dev/opencv/build/CMakeFiles/CMakeTmp/CMakeFiles 1
Building C object CMakeFiles/cmTryCompileExec724351053.dir/CheckIncludeFile.c.o
/usr/bin/gcc    -o CMakeFiles/cmTryCompileExec724351053.dir/CheckIncludeFile.c.o   -c /Users/jaspershemilt/Developer/openCV_Dev/opencv/build/CMakeFiles/CMakeTmp/CheckIncludeFile.c
Linking C executable cmTryCompileExec724351053
/opt/local/bin/cmake -E cmake_link_script CMakeFiles/cmTryCompileExec724351053.dir/link.txt --verbose=1
/usr/bin/gcc        -Wl,-search_paths_first -Wl,-headerpad_max_install_names   CMakeFiles/cmTryCompileExec724351053.dir/CheckIncludeFile.c.o  -o cmTryCompileExec724351053  
gmake[1]: Leaving directory `/Users/jaspershemilt/Developer/openCV_Dev/opencv/build/CMakeFiles/CMakeTmp'


Determining if the include file string.h exists passed with the following output:
Change Dir: /Users/jaspershemilt/Developer/openCV_Dev/opencv/build/CMakeFiles/CMakeTmp

Run Build Command:/opt/local/bin/gmake "cmTryCompileExec1053266484/fast"
/opt/local/bin/gmake -f CMakeFiles/cmTryCompileExec1053266484.dir/build.make CMakeFiles/cmTryCompileExec1053266484.dir/build
gmake[1]: Entering directory `/Users/jaspershemilt/Developer/openCV_Dev/opencv/build/CMakeFiles/CMakeTmp'
/opt/local/bin/cmake -E cmake_progress_report /Users/jaspershemilt/Developer/openCV_Dev/opencv/build/CMakeFiles/CMakeTmp/CMakeFiles 1
Building C object CMakeFiles/cmTryCompileExec1053266484.dir/CheckIncludeFile.c.o
/usr/bin/gcc    -o CMakeFiles/cmTryCompileExec1053266484.dir/CheckIncludeFile.c.o   -c /Users/jaspershemilt/Developer/openCV_Dev/opencv/build/CMakeFiles/CMakeTmp/CheckIncludeFile.c
Linking C executable cmTryCompileExec1053266484
/opt/local/bin/cmake -E cmake_link_script CMakeFiles/cmTryCompileExec1053266484.dir/link.txt --verbose=1
/usr/bin/gcc        -Wl,-search_paths_first -Wl,-headerpad_max_install_names   CMakeFiles/cmTryCompileExec1053266484.dir/CheckIncludeFile.c.o  -o cmTryCompileExec1053266484  
gmake[1]: Leaving directory `/Users/jaspershemilt/Developer/openCV_Dev/opencv/build/CMakeFiles/CMakeTmp'


Determining if the include file unistd.h exists passed with the following output:
Change Dir: /Users/jaspershemilt/Developer/openCV_Dev/opencv/build/CMakeFiles/CMakeTmp

Run Build Command:/opt/local/bin/gmake "cmTryCompileExec1761040508/fast"
/opt/local/bin/gmake -f CMakeFiles/cmTryCompileExec1761040508.dir/build.make CMakeFiles/cmTryCompileExec1761040508.dir/build
gmake[1]: Entering directory `/Users/jaspershemilt/Developer/openCV_Dev/opencv/build/CMakeFiles/CMakeTmp'
/opt/local/bin/cmake -E cmake_progress_report /Users/jaspershemilt/Developer/openCV_Dev/opencv/build/CMakeFiles/CMakeTmp/CMakeFiles 1
Building C object CMakeFiles/cmTryCompileExec1761040508.dir/CheckIncludeFile.c.o
/usr/bin/gcc    -o CMakeFiles/cmTryCompileExec1761040508.dir/CheckIncludeFile.c.o   -c /Users/jaspershemilt/Developer/openCV_Dev/opencv/build/CMakeFiles/CMakeTmp/CheckIncludeFile.c
Linking C executable cmTryCompileExec1761040508
/opt/local/bin/cmake -E cmake_link_script CMakeFiles/cmTryCompileExec1761040508.dir/link.txt --verbose=1
/usr/bin/gcc        -Wl,-search_paths_first -Wl,-headerpad_max_install_names   CMakeFiles/cmTryCompileExec1761040508.dir/CheckIncludeFile.c.o  -o cmTryCompileExec1761040508  
gmake[1]: Leaving directory `/Users/jaspershemilt/Developer/openCV_Dev/opencv/build/CMakeFiles/CMakeTmp'


Determining if the include file semaphore.h exists passed with the following output:
Change Dir: /Users/jaspershemilt/Developer/openCV_Dev/opencv/build/CMakeFiles/CMakeTmp

Run Build Command:/opt/local/bin/gmake "cmTryCompileExec3705605264/fast"
/opt/local/bin/gmake -f CMakeFiles/cmTryCompileExec3705605264.dir/build.make CMakeFiles/cmTryCompileExec3705605264.dir/build
gmake[1]: Entering directory `/Users/jaspershemilt/Developer/openCV_Dev/opencv/build/CMakeFiles/CMakeTmp'
/opt/local/bin/cmake -E cmake_progress_report /Users/jaspershemilt/Developer/openCV_Dev/opencv/build/CMakeFiles/CMakeTmp/CMakeFiles 1
Building C object CMakeFiles/cmTryCompileExec3705605264.dir/CheckIncludeFile.c.o
/usr/bin/gcc    -o CMakeFiles/cmTryCompileExec3705605264.dir/CheckIncludeFile.c.o   -c /Users/jaspershemilt/Developer/openCV_Dev/opencv/build/CMakeFiles/CMakeTmp/CheckIncludeFile.c
Linking C executable cmTryCompileExec3705605264
/opt/local/bin/cmake -E cmake_link_script CMakeFiles/cmTryCompileExec3705605264.dir/link.txt --verbose=1
/usr/bin/gcc        -Wl,-search_paths_first -Wl,-headerpad_max_install_names   CMakeFiles/cmTryCompileExec3705605264.dir/CheckIncludeFile.c.o  -o cmTryCompileExec3705605264  
gmake[1]: Leaving directory `/Users/jaspershemilt/Developer/openCV_Dev/opencv/build/CMakeFiles/CMakeTmp'


